<?xml version="1.0" encoding="UTF-8"?>
<!-- Generated by org.testng.reporters.JUnitXMLReporter -->
<testsuite hostname="ACAC01C2.ipt.aol.com" name="procurement" tests="20" failures="1" timestamp="27 Jul 2017 11:39:00 GMT" time="8.061" errors="0">
  <testcase name="CreateMaterial_testCase2" time="0.028" classname="com.procurement.controller.httptest.CreateMaterial_HttpTest"/>
  <testcase name="createMaterial_testCase1" time="0.915" classname="com.procurement.controller.httptest.CreateMaterial_HttpTest"/>
  <testcase name="DeleteMaterial_testCase1" time="0.383" classname="com.procurement.controller.httptest.DeleteMaterial_HttpTest"/>
  <testcase name="DeleteMaterial_testCase2" time="0.025" classname="com.procurement.controller.httptest.DeleteMaterial_HttpTest"/>
  <testcase name="IsPlay_testCase1" time="0.012" classname="com.procurement.controller.httptest.IsPlay_HttpTest"/>
  <testcase name="IsPlay_testCase2" time="0.207" classname="com.procurement.controller.httptest.IsPlay_HttpTest"/>
  <testcase name="selectActivityList_testCase1" time="0.669" classname="com.procurement.controller.httptest.SelectActivityList_HttpTest"/>
  <testcase name="selectActivityList_testCase2" time="0.031" classname="com.procurement.controller.httptest.SelectActivityList_HttpTest"/>
  <testcase name="selectActivityList_testCase3" time="0.013" classname="com.procurement.controller.httptest.SelectActivityList_HttpTest"/>
  <testcase name="selectMaterialList_testCase1" time="0.231" classname="com.procurement.controller.httptest.SelectMaterialList_HttpTest"/>
  <testcase name="selectMaterialList_testCase2" time="0.018" classname="com.procurement.controller.httptest.SelectMaterialList_HttpTest"/>
  <testcase name="selectMaterialList_testCase3" time="0.03" classname="com.procurement.controller.httptest.SelectMaterialList_HttpTest"/>
  <testcase name="SelectSpuByBarcode_testCase1" time="0.606" classname="com.procurement.controller.httptest.SelectSpuByBarcode_HttpTest"/>
  <testcase name="SelectSpuByBarcode_testCase2" time="0.942" classname="com.procurement.controller.httptest.SelectSpuByBarcode_HttpTest"/>
  <testcase name="selectSpuById_testCase1" time="0.014" classname="com.procurement.controller.httptest.SelectSpuById_HttpTest"/>
  <testcase name="selectSpuById_testcase2" time="1.987" classname="com.procurement.controller.httptest.SelectSpuById_HttpTest"/>
  <testcase name="createMaterial_testCase1" time="0.307" classname="com.procurement.controller.httptest.UpdateMaterial_HttpTest"/>
  <testcase name="createMaterial_testCase2" time="0.014" classname="com.procurement.controller.httptest.UpdateMaterial_HttpTest"/>
  <testcase name="UploadDiff_testCase1" time="0.013" classname="com.procurement.controller.httptest.UploadDiff_HttpTest"/>
  <testcase name="UploadDiff_testCase2" time="0.013" classname="com.procurement.controller.httptest.UploadDiff_HttpTest">
    <failure type="java.lang.AssertionError" message="接口返回的entry不为&amp;apos;null&amp;apos;.......... expected [{&amp;quot;modifyTime&amp;quot;:&amp;quot;2017-07-27 19:39:00&amp;quot;,&amp;quot;list&amp;quot;:[{&amp;quot;matterUrl&amp;quot;:&amp;quot;assets/voice/07/20/n_1500531565405_1720.mp3&amp;quot;,&amp;quot;gmtModify&amp;quot;:null,&amp;quot;spu&amp;quot;:&amp;quot;&amp;quot;,&amp;quot;id&amp;quot;:28,&amp;quot;gmtCreate&amp;quot;:&amp;quot;2017-07-27 19:39:00&amp;quot;,&amp;quot;matterId&amp;quot;:62}]}] but found [null]">
      <![CDATA[java.lang.AssertionError: 接口返回的entry不为'null'.......... expected [{"modifyTime":"2017-07-27 19:39:00","list":[{"matterUrl":"assets/voice/07/20/n_1500531565405_1720.mp3","gmtModify":null,"spu":"","id":28,"gmtCreate":"2017-07-27 19:39:00","matterId":62}]}] but found [null]
	at com.procurement.controller.httptest.UploadDiff_HttpTest.UploadDiff_testCase2(UploadDiff_HttpTest.java:50)
... Removed 38 stack frames]]>
    </failure>
  </testcase> <!-- UploadDiff_testCase2 -->
</testsuite> <!-- procurement -->
