<?xml version="1.0" encoding="UTF-8"?>
<!-- Generated by org.testng.reporters.JUnitXMLReporter -->
<testsuite hostname="ACAC01C2.ipt.aol.com" name="shop" tests="5" failures="1" timestamp="27 Jul 2017 11:38:52 GMT" time="3.192" errors="0">
  <testcase name="createShop_TestCase1" time="1.552" classname="com.shop.controller.httptest.CreateShop_HttpTest"/>
  <testcase name="createShop_TestCase2" time="0.02" classname="com.shop.controller.httptest.CreateShop_HttpTest"/>
  <testcase name="QueryShopById_testCase1" time="0.024" classname="com.shop.controller.httptest.QueryShopById_HttpTest">
    <failure type="java.lang.AssertionError" message="http返回状态失败！ expected [true] but found [false]">
      <![CDATA[java.lang.AssertionError: http返回状态失败！ expected [true] but found [false]
	at com.elephtribe.tools.httputils.HttpResult.checkHttpSucess(HttpResult.java:74)
	at com.shop.controller.httptest.QueryShopById_HttpTest.QueryShopById_testCase1(QueryShopById_HttpTest.java:48)
... Removed 36 stack frames]]>
    </failure>
  </testcase> <!-- QueryShopById_testCase1 -->
  <testcase name="QueryShopById_testCase3" time="0.028" classname="com.shop.controller.httptest.QueryShopById_HttpTest"/>
  <testcase name="QueryShopById_testCase2" time="0.0" classname="com.shop.controller.httptest.QueryShopById_HttpTest">
    <skipped/>
  </testcase> <!-- QueryShopById_testCase2 -->
</testsuite> <!-- shop -->
