<?xml version="1.0" encoding="UTF-8" ?>
<testsuite tests="25" failures="2" name="TestSuite" time="11.993" errors="0" skipped="1">
  <properties>
[...]
</properties>
  <testcase classname="com.shop.controller.httptest.CreateShop_HttpTest" name="createShop_TestCase1" time="1.551"/>
  <testcase classname="com.shop.controller.httptest.CreateShop_HttpTest" name="createShop_TestCase2" time="0.019"/>
  <testcase classname="com.shop.controller.httptest.QueryShopById_HttpTest" name="QueryShopById_testCase1" time="0.031">
    <failure message="http返回状态失败！ expected [true] but found [false]" type="java.lang.AssertionError">java.lang.AssertionError: http返回状态失败！ expected [true] but found [false]
	at org.testng.Assert.fail(Assert.java:94)
	at org.testng.Assert.failNotEquals(Assert.java:513)
	at org.testng.Assert.assertTrue(Assert.java:42)
	at com.elephtribe.tools.httputils.HttpResult.checkHttpSucess(HttpResult.java:74)
	at com.shop.controller.httptest.QueryShopById_HttpTest.QueryShopById_testCase1(QueryShopById_HttpTest.java:48)
</failure>
    <system-out>返回结果信息：店铺名称可能已存在或者参数错误！
</system-out>
  </testcase>
  <testcase classname="com.shop.controller.httptest.QueryShopById_HttpTest" name="QueryShopById_testCase3" time="0.026"/>
  <testcase classname="com.shop.controller.httptest.QueryShopById_HttpTest" name="QueryShopById_testCase2" time="0.027">
    <skipped/>
  </testcase>
  <testcase classname="com.procurement.controller.httptest.CreateMaterial_HttpTest" name="CreateMaterial_testCase2" time="0.027"/>
  <testcase classname="com.procurement.controller.httptest.CreateMaterial_HttpTest" name="createMaterial_testCase1" time="0.915"/>
  <testcase classname="com.procurement.controller.httptest.DeleteMaterial_HttpTest" name="DeleteMaterial_testCase1" time="0.383"/>
  <testcase classname="com.procurement.controller.httptest.DeleteMaterial_HttpTest" name="DeleteMaterial_testCase2" time="0.025"/>
  <testcase classname="com.procurement.controller.httptest.IsPlay_HttpTest" name="IsPlay_testCase1" time="0.012"/>
  <testcase classname="com.procurement.controller.httptest.IsPlay_HttpTest" name="IsPlay_testCase2" time="0.208"/>
  <testcase classname="com.procurement.controller.httptest.SelectActivityList_HttpTest" name="selectActivityList_testCase1" time="0.67"/>
  <testcase classname="com.procurement.controller.httptest.SelectActivityList_HttpTest" name="selectActivityList_testCase2" time="0.03"/>
  <testcase classname="com.procurement.controller.httptest.SelectActivityList_HttpTest" name="selectActivityList_testCase3" time="0.014"/>
  <testcase classname="com.procurement.controller.httptest.SelectMaterialList_HttpTest" name="selectMaterialList_testCase1" time="0.231"/>
  <testcase classname="com.procurement.controller.httptest.SelectMaterialList_HttpTest" name="selectMaterialList_testCase2" time="0.017"/>
  <testcase classname="com.procurement.controller.httptest.SelectMaterialList_HttpTest" name="selectMaterialList_testCase3" time="0.029"/>
  <testcase classname="com.procurement.controller.httptest.SelectSpuByBarcode_HttpTest" name="SelectSpuByBarcode_testCase1" time="0.606"/>
  <testcase classname="com.procurement.controller.httptest.SelectSpuByBarcode_HttpTest" name="SelectSpuByBarcode_testCase2" time="0.942"/>
  <testcase classname="com.procurement.controller.httptest.SelectSpuById_HttpTest" name="selectSpuById_testCase1" time="0.014"/>
  <testcase classname="com.procurement.controller.httptest.SelectSpuById_HttpTest" name="selectSpuById_testcase2" time="1.987"/>
  <testcase classname="com.procurement.controller.httptest.UpdateMaterial_HttpTest" name="createMaterial_testCase1" time="0.308"/>
  <testcase classname="com.procurement.controller.httptest.UpdateMaterial_HttpTest" name="createMaterial_testCase2" time="0.014"/>
  <testcase classname="com.procurement.controller.httptest.UploadDiff_HttpTest" name="UploadDiff_testCase1" time="0.013"/>
  <testcase classname="com.procurement.controller.httptest.UploadDiff_HttpTest" name="UploadDiff_testCase2" time="0.015">
    <failure message="接口返回的entry不为&apos;null&apos;.......... expected [{&quot;modifyTime&quot;:&quot;2017-07-27 19:39:00&quot;,&quot;list&quot;:[{&quot;matterUrl&quot;:&quot;assets/voice/07/20/n_1500531565405_1720.mp3&quot;,&quot;gmtModify&quot;:null,&quot;spu&quot;:&quot;&quot;,&quot;id&quot;:28,&quot;gmtCreate&quot;:&quot;2017-07-27 19:39:00&quot;,&quot;matterId&quot;:62}]}] but found [null]" type="java.lang.AssertionError">java.lang.AssertionError: 接口返回的entry不为&apos;null&apos;.......... expected [{&quot;modifyTime&quot;:&quot;2017-07-27 19:39:00&quot;,&quot;list&quot;:[{&quot;matterUrl&quot;:&quot;assets/voice/07/20/n_1500531565405_1720.mp3&quot;,&quot;gmtModify&quot;:null,&quot;spu&quot;:&quot;&quot;,&quot;id&quot;:28,&quot;gmtCreate&quot;:&quot;2017-07-27 19:39:00&quot;,&quot;matterId&quot;:62}]}] but found [null]
	at org.testng.Assert.fail(Assert.java:94)
	at org.testng.Assert.failNotEquals(Assert.java:513)
	at org.testng.Assert.assertEqualsImpl(Assert.java:135)
	at org.testng.Assert.assertEquals(Assert.java:116)
	at org.testng.Assert.assertEquals(Assert.java:190)
	at com.procurement.controller.httptest.UploadDiff_HttpTest.UploadDiff_testCase2(UploadDiff_HttpTest.java:50)
</failure>
    <system-out>返回结果信息：查到新的更新
</system-out>
  </testcase>
</testsuite>